Jul 24 15:40:11: access: connection for localhost from ::1 (Mozilla/5.0 (Macintosh; Intel Mac OS X 10.9; rv:30.0) Gecko/20100101 Firefox/30.0): 
Jul 24 15:40:11: access: connection for localhost from ::1 (Mozilla/5.0 (Macintosh; Intel Mac OS X 10.9; rv:30.0) Gecko/20100101 Firefox/30.0): css/editor.css
Jul 24 15:40:11: access: connection for localhost from ::1 (Mozilla/5.0 (Macintosh; Intel Mac OS X 10.9; rv:30.0) Gecko/20100101 Firefox/30.0): css/bootstrap.css
Jul 24 15:40:11: access: connection for localhost from ::1 (Mozilla/5.0 (Macintosh; Intel Mac OS X 10.9; rv:30.0) Gecko/20100101 Firefox/30.0): css/bootstrap-theme.css
Jul 24 15:40:11: access: connection for localhost from ::1 (Mozilla/5.0 (Macintosh; Intel Mac OS X 10.9; rv:30.0) Gecko/20100101 Firefox/30.0): js/libs.js
Jul 24 15:40:11: access: connection for localhost from ::1 (Mozilla/5.0 (Macintosh; Intel Mac OS X 10.9; rv:30.0) Gecko/20100101 Firefox/30.0): diffsync.js
Jul 24 15:40:12: access: connection for localhost from ::1 (Mozilla/5.0 (Macintosh; Intel Mac OS X 10.9; rv:30.0) Gecko/20100101 Firefox/30.0): __eliom_comet_global__
Jul 24 15:40:12: access: connection for localhost from ::1 (Mozilla/5.0 (Macintosh; Intel Mac OS X 10.9; rv:30.0) Gecko/20100101 Firefox/30.0): 
Jul 24 15:40:12: access: connection for localhost from ::1 (Mozilla/5.0 (Macintosh; Intel Mac OS X 10.9; rv:30.0) Gecko/20100101 Firefox/30.0): __eliom_comet_global__
Jul 24 15:40:12: access: connection for localhost from ::1 (Mozilla/5.0 (Macintosh; Intel Mac OS X 10.9; rv:30.0) Gecko/20100101 Firefox/30.0): ?__eliom_na__num=Pnkuh%2BsznZTatTszhUjaXD6Jecg41d4f4432e718eac
Jul 24 15:40:17: access: connection for localhost from ::1 (Mozilla/5.0 (Macintosh; Intel Mac OS X 10.9; rv:30.0) Gecko/20100101 Firefox/30.0): 
Jul 24 15:40:17: access: connection for localhost from ::1 (Mozilla/5.0 (Macintosh; Intel Mac OS X 10.9; rv:30.0) Gecko/20100101 Firefox/30.0): css/editor.css
Jul 24 15:40:17: access: connection for localhost from ::1 (Mozilla/5.0 (Macintosh; Intel Mac OS X 10.9; rv:30.0) Gecko/20100101 Firefox/30.0): css/bootstrap.css
Jul 24 15:40:17: access: connection for localhost from ::1 (Mozilla/5.0 (Macintosh; Intel Mac OS X 10.9; rv:30.0) Gecko/20100101 Firefox/30.0): css/bootstrap-theme.css
Jul 24 15:40:17: access: connection for localhost from ::1 (Mozilla/5.0 (Macintosh; Intel Mac OS X 10.9; rv:30.0) Gecko/20100101 Firefox/30.0): js/libs.js
Jul 24 15:40:17: access: connection for localhost from ::1 (Mozilla/5.0 (Macintosh; Intel Mac OS X 10.9; rv:30.0) Gecko/20100101 Firefox/30.0): diffsync.js
Jul 24 15:40:18: access: connection for localhost from ::1 (Mozilla/5.0 (Macintosh; Intel Mac OS X 10.9; rv:30.0) Gecko/20100101 Firefox/30.0): __eliom_comet_global__
Jul 24 15:40:18: access: connection for localhost from ::1 (Mozilla/5.0 (Macintosh; Intel Mac OS X 10.9; rv:30.0) Gecko/20100101 Firefox/30.0): 
Jul 24 15:40:18: access: connection for localhost from ::1 (Mozilla/5.0 (Macintosh; Intel Mac OS X 10.9; rv:30.0) Gecko/20100101 Firefox/30.0): __eliom_comet_global__
Jul 24 15:40:18: access: connection for localhost from ::1 (Mozilla/5.0 (Macintosh; Intel Mac OS X 10.9; rv:30.0) Gecko/20100101 Firefox/30.0): ?__eliom_na__num=Pnkuh%2BsznZTatTszhUjaXD6Jecg41d4f4432e718eac
Jul 24 15:40:30: access: connection for localhost from ::1 (Mozilla/5.0 (Macintosh; Intel Mac OS X 10.9; rv:30.0) Gecko/20100101 Firefox/30.0): css/editor.css
Jul 24 15:40:30: access: connection for localhost from ::1 (Mozilla/5.0 (Macintosh; Intel Mac OS X 10.9; rv:30.0) Gecko/20100101 Firefox/30.0): css/bootstrap.css
Jul 24 15:40:30: access: connection for localhost from ::1 (Mozilla/5.0 (Macintosh; Intel Mac OS X 10.9; rv:30.0) Gecko/20100101 Firefox/30.0): css/bootstrap-theme.css
Jul 24 15:40:32: access: connection for localhost from ::1 (Mozilla/5.0 (Macintosh; Intel Mac OS X 10.9; rv:30.0) Gecko/20100101 Firefox/30.0): __eliom_comet_global__
Jul 24 15:40:33: access: connection for localhost from ::1 (Mozilla/5.0 (Macintosh; Intel Mac OS X 10.9; rv:30.0) Gecko/20100101 Firefox/30.0): 
Jul 24 15:40:33: access: connection for localhost from ::1 (Mozilla/5.0 (Macintosh; Intel Mac OS X 10.9; rv:30.0) Gecko/20100101 Firefox/30.0): css/editor.css
Jul 24 15:40:33: access: connection for localhost from ::1 (Mozilla/5.0 (Macintosh; Intel Mac OS X 10.9; rv:30.0) Gecko/20100101 Firefox/30.0): css/bootstrap.css
Jul 24 15:40:33: access: connection for localhost from ::1 (Mozilla/5.0 (Macintosh; Intel Mac OS X 10.9; rv:30.0) Gecko/20100101 Firefox/30.0): css/bootstrap-theme.css
Jul 24 15:40:33: access: connection for localhost from ::1 (Mozilla/5.0 (Macintosh; Intel Mac OS X 10.9; rv:30.0) Gecko/20100101 Firefox/30.0): js/libs.js
Jul 24 15:40:33: access: connection for localhost from ::1 (Mozilla/5.0 (Macintosh; Intel Mac OS X 10.9; rv:30.0) Gecko/20100101 Firefox/30.0): diffsync.js
Jul 24 15:40:33: access: connection for localhost from ::1 (Mozilla/5.0 (Macintosh; Intel Mac OS X 10.9; rv:30.0) Gecko/20100101 Firefox/30.0): css/editor.css
Jul 24 15:40:33: access: connection for localhost from ::1 (Mozilla/5.0 (Macintosh; Intel Mac OS X 10.9; rv:30.0) Gecko/20100101 Firefox/30.0): css/bootstrap.css
Jul 24 15:40:33: access: connection for localhost from ::1 (Mozilla/5.0 (Macintosh; Intel Mac OS X 10.9; rv:30.0) Gecko/20100101 Firefox/30.0): css/bootstrap-theme.css
Jul 24 15:40:33: access: connection for localhost from ::1 (Mozilla/5.0 (Macintosh; Intel Mac OS X 10.9; rv:30.0) Gecko/20100101 Firefox/30.0): __eliom_comet_global__
Jul 24 15:40:34: access: connection for localhost from ::1 (Mozilla/5.0 (Macintosh; Intel Mac OS X 10.9; rv:30.0) Gecko/20100101 Firefox/30.0): 
Jul 24 15:40:34: access: connection for localhost from ::1 (Mozilla/5.0 (Macintosh; Intel Mac OS X 10.9; rv:30.0) Gecko/20100101 Firefox/30.0): __eliom_comet_global__
Jul 24 15:40:34: access: connection for localhost from ::1 (Mozilla/5.0 (Macintosh; Intel Mac OS X 10.9; rv:30.0) Gecko/20100101 Firefox/30.0): ?__eliom_na__num=Pnkuh%2BsznZTatTszhUjaXD6Jecg41d4f4432e718eac
Jul 24 15:40:36: access: connection for localhost from ::1 (Mozilla/5.0 (Macintosh; Intel Mac OS X 10.9; rv:30.0) Gecko/20100101 Firefox/30.0): 
Jul 24 15:40:36: access: connection for localhost from ::1 (Mozilla/5.0 (Macintosh; Intel Mac OS X 10.9; rv:30.0) Gecko/20100101 Firefox/30.0): css/editor.css
Jul 24 15:40:36: access: connection for localhost from ::1 (Mozilla/5.0 (Macintosh; Intel Mac OS X 10.9; rv:30.0) Gecko/20100101 Firefox/30.0): css/bootstrap.css
Jul 24 15:40:36: access: connection for localhost from ::1 (Mozilla/5.0 (Macintosh; Intel Mac OS X 10.9; rv:30.0) Gecko/20100101 Firefox/30.0): css/bootstrap-theme.css
Jul 24 15:40:36: access: connection for localhost from ::1 (Mozilla/5.0 (Macintosh; Intel Mac OS X 10.9; rv:30.0) Gecko/20100101 Firefox/30.0): js/libs.js
Jul 24 15:40:36: access: connection for localhost from ::1 (Mozilla/5.0 (Macintosh; Intel Mac OS X 10.9; rv:30.0) Gecko/20100101 Firefox/30.0): diffsync.js
Jul 24 15:40:36: access: connection for localhost from ::1 (Mozilla/5.0 (Macintosh; Intel Mac OS X 10.9; rv:30.0) Gecko/20100101 Firefox/30.0): css/editor.css
Jul 24 15:40:36: access: connection for localhost from ::1 (Mozilla/5.0 (Macintosh; Intel Mac OS X 10.9; rv:30.0) Gecko/20100101 Firefox/30.0): css/bootstrap.css
Jul 24 15:40:36: access: connection for localhost from ::1 (Mozilla/5.0 (Macintosh; Intel Mac OS X 10.9; rv:30.0) Gecko/20100101 Firefox/30.0): css/bootstrap-theme.css
Jul 24 15:40:36: access: connection for localhost from ::1 (Mozilla/5.0 (Macintosh; Intel Mac OS X 10.9; rv:30.0) Gecko/20100101 Firefox/30.0): __eliom_comet_global__
Jul 24 15:40:36: access: connection for localhost from ::1 (Mozilla/5.0 (Macintosh; Intel Mac OS X 10.9; rv:30.0) Gecko/20100101 Firefox/30.0): 
Jul 24 15:40:36: access: connection for localhost from ::1 (Mozilla/5.0 (Macintosh; Intel Mac OS X 10.9; rv:30.0) Gecko/20100101 Firefox/30.0): __eliom_comet_global__
Jul 24 15:40:36: access: connection for localhost from ::1 (Mozilla/5.0 (Macintosh; Intel Mac OS X 10.9; rv:30.0) Gecko/20100101 Firefox/30.0): ?__eliom_na__num=Pnkuh%2BsznZTatTszhUjaXD6Jecg41d4f4432e718eac
Jul 24 15:41:17: access: connection for localhost from ::1 (Mozilla/5.0 (Macintosh; Intel Mac OS X 10.9; rv:30.0) Gecko/20100101 Firefox/30.0): 
Jul 24 15:41:17: access: connection for localhost from ::1 (Mozilla/5.0 (Macintosh; Intel Mac OS X 10.9; rv:30.0) Gecko/20100101 Firefox/30.0): css/editor.css
Jul 24 15:41:17: access: connection for localhost from ::1 (Mozilla/5.0 (Macintosh; Intel Mac OS X 10.9; rv:30.0) Gecko/20100101 Firefox/30.0): css/bootstrap.css
Jul 24 15:41:17: access: connection for localhost from ::1 (Mozilla/5.0 (Macintosh; Intel Mac OS X 10.9; rv:30.0) Gecko/20100101 Firefox/30.0): css/bootstrap-theme.css
Jul 24 15:41:17: access: connection for localhost from ::1 (Mozilla/5.0 (Macintosh; Intel Mac OS X 10.9; rv:30.0) Gecko/20100101 Firefox/30.0): js/libs.js
Jul 24 15:41:18: access: connection for localhost from ::1 (Mozilla/5.0 (Macintosh; Intel Mac OS X 10.9; rv:30.0) Gecko/20100101 Firefox/30.0): diffsync.js
Jul 24 15:41:18: access: connection for localhost from ::1 (Mozilla/5.0 (Macintosh; Intel Mac OS X 10.9; rv:30.0) Gecko/20100101 Firefox/30.0): css/editor.css
Jul 24 15:41:18: access: connection for localhost from ::1 (Mozilla/5.0 (Macintosh; Intel Mac OS X 10.9; rv:30.0) Gecko/20100101 Firefox/30.0): css/bootstrap.css
Jul 24 15:41:18: access: connection for localhost from ::1 (Mozilla/5.0 (Macintosh; Intel Mac OS X 10.9; rv:30.0) Gecko/20100101 Firefox/30.0): css/bootstrap-theme.css
Jul 24 15:41:18: access: connection for localhost from ::1 (Mozilla/5.0 (Macintosh; Intel Mac OS X 10.9; rv:30.0) Gecko/20100101 Firefox/30.0): __eliom_comet_global__
Jul 24 15:41:18: access: connection for localhost from ::1 (Mozilla/5.0 (Macintosh; Intel Mac OS X 10.9; rv:30.0) Gecko/20100101 Firefox/30.0): 
Jul 24 15:41:18: access: connection for localhost from ::1 (Mozilla/5.0 (Macintosh; Intel Mac OS X 10.9; rv:30.0) Gecko/20100101 Firefox/30.0): __eliom_comet_global__
Jul 24 15:41:18: access: connection for localhost from ::1 (Mozilla/5.0 (Macintosh; Intel Mac OS X 10.9; rv:30.0) Gecko/20100101 Firefox/30.0): ?__eliom_na__num=MT4XoZ3GxErYtsrTFr8MYVgJikQ41d4f4433f1d1640
Jul 24 15:41:20: access: connection for localhost from ::1 (Mozilla/5.0 (Macintosh; Intel Mac OS X 10.9; rv:30.0) Gecko/20100101 Firefox/30.0): 
Jul 24 15:41:20: access: connection for localhost from ::1 (Mozilla/5.0 (Macintosh; Intel Mac OS X 10.9; rv:30.0) Gecko/20100101 Firefox/30.0): __eliom_comet_global__
Jul 24 15:41:21: access: connection for localhost from ::1 (Mozilla/5.0 (Macintosh; Intel Mac OS X 10.9; rv:30.0) Gecko/20100101 Firefox/30.0): 
Jul 24 15:41:21: access: connection for localhost from ::1 (Mozilla/5.0 (Macintosh; Intel Mac OS X 10.9; rv:30.0) Gecko/20100101 Firefox/30.0): __eliom_comet_global__
Jul 24 15:41:21: access: connection for localhost from ::1 (Mozilla/5.0 (Macintosh; Intel Mac OS X 10.9; rv:30.0) Gecko/20100101 Firefox/30.0): 
Jul 24 15:41:21: access: connection for localhost from ::1 (Mozilla/5.0 (Macintosh; Intel Mac OS X 10.9; rv:30.0) Gecko/20100101 Firefox/30.0): __eliom_comet_global__
Jul 24 15:41:22: access: connection for localhost from ::1 (Mozilla/5.0 (Macintosh; Intel Mac OS X 10.9; rv:30.0) Gecko/20100101 Firefox/30.0): 
Jul 24 15:41:22: access: connection for localhost from ::1 (Mozilla/5.0 (Macintosh; Intel Mac OS X 10.9; rv:30.0) Gecko/20100101 Firefox/30.0): __eliom_comet_global__
Jul 24 15:41:22: access: connection for localhost from ::1 (Mozilla/5.0 (Macintosh; Intel Mac OS X 10.9; rv:30.0) Gecko/20100101 Firefox/30.0): __eliom_comet_global__
Jul 24 15:41:24: access: connection for localhost from ::1 (Mozilla/5.0 (Macintosh; Intel Mac OS X 10.9; rv:30.0) Gecko/20100101 Firefox/30.0): 
Jul 24 15:41:24: access: connection for localhost from ::1 (Mozilla/5.0 (Macintosh; Intel Mac OS X 10.9; rv:30.0) Gecko/20100101 Firefox/30.0): css/editor.css
Jul 24 15:41:24: access: connection for localhost from ::1 (Mozilla/5.0 (Macintosh; Intel Mac OS X 10.9; rv:30.0) Gecko/20100101 Firefox/30.0): css/bootstrap.css
Jul 24 15:41:24: access: connection for localhost from ::1 (Mozilla/5.0 (Macintosh; Intel Mac OS X 10.9; rv:30.0) Gecko/20100101 Firefox/30.0): css/bootstrap-theme.css
Jul 24 15:41:24: access: connection for localhost from ::1 (Mozilla/5.0 (Macintosh; Intel Mac OS X 10.9; rv:30.0) Gecko/20100101 Firefox/30.0): js/libs.js
Jul 24 15:41:24: access: connection for localhost from ::1 (Mozilla/5.0 (Macintosh; Intel Mac OS X 10.9; rv:30.0) Gecko/20100101 Firefox/30.0): diffsync.js
Jul 24 15:41:24: access: connection for localhost from ::1 (Mozilla/5.0 (Macintosh; Intel Mac OS X 10.9; rv:30.0) Gecko/20100101 Firefox/30.0): __eliom_comet_global__
Jul 24 15:41:24: access: connection for localhost from ::1 (Mozilla/5.0 (Macintosh; Intel Mac OS X 10.9; rv:30.0) Gecko/20100101 Firefox/30.0): 
Jul 24 15:41:24: access: connection for localhost from ::1 (Mozilla/5.0 (Macintosh; Intel Mac OS X 10.9; rv:30.0) Gecko/20100101 Firefox/30.0): __eliom_comet_global__
Jul 24 15:41:24: access: connection for localhost from ::1 (Mozilla/5.0 (Macintosh; Intel Mac OS X 10.9; rv:30.0) Gecko/20100101 Firefox/30.0): ?__eliom_na__num=MT4XoZ3GxErYtsrTFr8MYVgJikQ41d4f4433f1d1640
Jul 24 15:41:33: access: connection for localhost from ::1 (Mozilla/5.0 (Macintosh; Intel Mac OS X 10.9; rv:30.0) Gecko/20100101 Firefox/30.0): 
Jul 24 15:41:33: access: connection for localhost from ::1 (Mozilla/5.0 (Macintosh; Intel Mac OS X 10.9; rv:30.0) Gecko/20100101 Firefox/30.0): __eliom_comet_global__
Jul 24 15:41:33: access: connection for localhost from ::1 (Mozilla/5.0 (Macintosh; Intel Mac OS X 10.9; rv:30.0) Gecko/20100101 Firefox/30.0): 
Jul 24 15:41:33: access: connection for localhost from ::1 (Mozilla/5.0 (Macintosh; Intel Mac OS X 10.9; rv:30.0) Gecko/20100101 Firefox/30.0): __eliom_comet_global__
Jul 24 15:41:39: access: connection for localhost from ::1 (Mozilla/5.0 (Macintosh; Intel Mac OS X 10.9; rv:30.0) Gecko/20100101 Firefox/30.0): 
Jul 24 15:41:39: access: connection for localhost from ::1 (Mozilla/5.0 (Macintosh; Intel Mac OS X 10.9; rv:30.0) Gecko/20100101 Firefox/30.0): __eliom_comet_global__
Jul 24 15:41:39: access: connection for localhost from ::1 (Mozilla/5.0 (Macintosh; Intel Mac OS X 10.9; rv:30.0) Gecko/20100101 Firefox/30.0): 
Jul 24 15:41:39: access: connection for localhost from ::1 (Mozilla/5.0 (Macintosh; Intel Mac OS X 10.9; rv:30.0) Gecko/20100101 Firefox/30.0): __eliom_comet_global__
Jul 24 15:41:42: access: connection for localhost from ::1 (Mozilla/5.0 (Macintosh; Intel Mac OS X 10.9; rv:30.0) Gecko/20100101 Firefox/30.0): __eliom_comet_global__
Jul 24 15:41:42: access: connection for localhost from ::1 (Mozilla/5.0 (Macintosh; Intel Mac OS X 10.9; rv:30.0) Gecko/20100101 Firefox/30.0): 
Jul 24 15:41:46: access: connection for localhost from ::1 (Mozilla/5.0 (Macintosh; Intel Mac OS X 10.9; rv:30.0) Gecko/20100101 Firefox/30.0): 
Jul 24 15:41:46: access: connection for localhost from ::1 (Mozilla/5.0 (Macintosh; Intel Mac OS X 10.9; rv:30.0) Gecko/20100101 Firefox/30.0): __eliom_comet_global__
Jul 24 15:41:49: access: connection for localhost from ::1 (Mozilla/5.0 (Macintosh; Intel Mac OS X 10.9; rv:30.0) Gecko/20100101 Firefox/30.0): 
Jul 24 15:41:52: access: connection for localhost from ::1 (Mozilla/5.0 (Macintosh; Intel Mac OS X 10.9; rv:30.0) Gecko/20100101 Firefox/30.0): 
Jul 24 15:41:52: access: connection for localhost from ::1 (Mozilla/5.0 (Macintosh; Intel Mac OS X 10.9; rv:30.0) Gecko/20100101 Firefox/30.0): css/editor.css
Jul 24 15:41:52: access: connection for localhost from ::1 (Mozilla/5.0 (Macintosh; Intel Mac OS X 10.9; rv:30.0) Gecko/20100101 Firefox/30.0): css/bootstrap-theme.css
Jul 24 15:41:52: access: connection for localhost from ::1 (Mozilla/5.0 (Macintosh; Intel Mac OS X 10.9; rv:30.0) Gecko/20100101 Firefox/30.0): css/bootstrap.css
Jul 24 15:41:52: access: connection for localhost from ::1 (Mozilla/5.0 (Macintosh; Intel Mac OS X 10.9; rv:30.0) Gecko/20100101 Firefox/30.0): js/libs.js
Jul 24 15:41:52: access: connection for localhost from ::1 (Mozilla/5.0 (Macintosh; Intel Mac OS X 10.9; rv:30.0) Gecko/20100101 Firefox/30.0): diffsync.js
Jul 24 15:41:53: access: connection for localhost from ::1 (Mozilla/5.0 (Macintosh; Intel Mac OS X 10.9; rv:30.0) Gecko/20100101 Firefox/30.0): __eliom_comet_global__
Jul 24 15:41:53: access: connection for localhost from ::1 (Mozilla/5.0 (Macintosh; Intel Mac OS X 10.9; rv:30.0) Gecko/20100101 Firefox/30.0): 
Jul 24 15:41:53: access: connection for localhost from ::1 (Mozilla/5.0 (Macintosh; Intel Mac OS X 10.9; rv:30.0) Gecko/20100101 Firefox/30.0): __eliom_comet_global__
Jul 24 15:41:53: access: connection for localhost from ::1 (Mozilla/5.0 (Macintosh; Intel Mac OS X 10.9; rv:30.0) Gecko/20100101 Firefox/30.0): ?__eliom_na__num=MT4XoZ3GxErYtsrTFr8MYVgJikQ41d4f4433f1d1640
Jul 24 15:41:56: access: connection for localhost from ::1 (Mozilla/5.0 (Macintosh; Intel Mac OS X 10.9; rv:30.0) Gecko/20100101 Firefox/30.0): 
Jul 24 15:41:56: access: connection for localhost from ::1 (Mozilla/5.0 (Macintosh; Intel Mac OS X 10.9; rv:30.0) Gecko/20100101 Firefox/30.0): css/editor.css
Jul 24 15:41:56: access: connection for localhost from ::1 (Mozilla/5.0 (Macintosh; Intel Mac OS X 10.9; rv:30.0) Gecko/20100101 Firefox/30.0): css/bootstrap.css
Jul 24 15:41:56: access: connection for localhost from ::1 (Mozilla/5.0 (Macintosh; Intel Mac OS X 10.9; rv:30.0) Gecko/20100101 Firefox/30.0): css/bootstrap-theme.css
Jul 24 15:41:56: access: connection for localhost from ::1 (Mozilla/5.0 (Macintosh; Intel Mac OS X 10.9; rv:30.0) Gecko/20100101 Firefox/30.0): js/libs.js
Jul 24 15:41:56: access: connection for localhost from ::1 (Mozilla/5.0 (Macintosh; Intel Mac OS X 10.9; rv:30.0) Gecko/20100101 Firefox/30.0): diffsync.js
Jul 24 15:41:57: access: connection for localhost from ::1 (Mozilla/5.0 (Macintosh; Intel Mac OS X 10.9; rv:30.0) Gecko/20100101 Firefox/30.0): css/editor.css
Jul 24 15:41:57: access: connection for localhost from ::1 (Mozilla/5.0 (Macintosh; Intel Mac OS X 10.9; rv:30.0) Gecko/20100101 Firefox/30.0): css/bootstrap-theme.css
Jul 24 15:41:57: access: connection for localhost from ::1 (Mozilla/5.0 (Macintosh; Intel Mac OS X 10.9; rv:30.0) Gecko/20100101 Firefox/30.0): css/bootstrap.css
Jul 24 15:41:57: access: connection for localhost from ::1 (Mozilla/5.0 (Macintosh; Intel Mac OS X 10.9; rv:30.0) Gecko/20100101 Firefox/30.0): __eliom_comet_global__
Jul 24 15:41:57: access: connection for localhost from ::1 (Mozilla/5.0 (Macintosh; Intel Mac OS X 10.9; rv:30.0) Gecko/20100101 Firefox/30.0): 
Jul 24 15:41:57: access: connection for localhost from ::1 (Mozilla/5.0 (Macintosh; Intel Mac OS X 10.9; rv:30.0) Gecko/20100101 Firefox/30.0): __eliom_comet_global__
Jul 24 15:41:57: access: connection for localhost from ::1 (Mozilla/5.0 (Macintosh; Intel Mac OS X 10.9; rv:30.0) Gecko/20100101 Firefox/30.0): ?__eliom_na__num=MT4XoZ3GxErYtsrTFr8MYVgJikQ41d4f4433f1d1640
Jul 24 15:42:13: access: connection for localhost from ::1 (Mozilla/5.0 (Macintosh; Intel Mac OS X 10.9; rv:30.0) Gecko/20100101 Firefox/30.0): __eliom_comet_global__
Jul 24 15:42:17: access: connection for localhost from ::1 (Mozilla/5.0 (Macintosh; Intel Mac OS X 10.9; rv:30.0) Gecko/20100101 Firefox/30.0): __eliom_comet_global__
Jul 24 15:42:24: access: connection for localhost from ::1 (Mozilla/5.0 (Macintosh; Intel Mac OS X 10.9; rv:30.0) Gecko/20100101 Firefox/30.0): __eliom_comet_global__
Jul 24 15:42:33: access: connection for localhost from ::1 (Mozilla/5.0 (Macintosh; Intel Mac OS X 10.9; rv:30.0) Gecko/20100101 Firefox/30.0): __eliom_comet_global__
Jul 24 15:42:53: access: connection for localhost from ::1 (Mozilla/5.0 (Macintosh; Intel Mac OS X 10.9; rv:30.0) Gecko/20100101 Firefox/30.0): __eliom_comet_global__
Jul 24 15:43:13: access: connection for localhost from ::1 (Mozilla/5.0 (Macintosh; Intel Mac OS X 10.9; rv:30.0) Gecko/20100101 Firefox/30.0): __eliom_comet_global__
Jul 24 15:43:33: access: connection for localhost from ::1 (Mozilla/5.0 (Macintosh; Intel Mac OS X 10.9; rv:30.0) Gecko/20100101 Firefox/30.0): __eliom_comet_global__
Jul 24 15:43:53: access: connection for localhost from ::1 (Mozilla/5.0 (Macintosh; Intel Mac OS X 10.9; rv:30.0) Gecko/20100101 Firefox/30.0): __eliom_comet_global__
Jul 24 15:44:13: access: connection for localhost from ::1 (Mozilla/5.0 (Macintosh; Intel Mac OS X 10.9; rv:30.0) Gecko/20100101 Firefox/30.0): __eliom_comet_global__
